\BOOKMARK [1][-]{section*.1}{Pick the Yellow ... Strawberry? Production Expectations Explain Variation in Contrastive Inference}{}% 1
\BOOKMARK [1][-]{section*.2}{Introduction}{}% 2
\BOOKMARK [1][-]{section*.4}{A Bayesian account of contrastive inference}{}% 3
\BOOKMARK [1][-]{section*.6}{Obtaining quantitative model predictions: production experiment}{}% 4
\BOOKMARK [2][-]{section*.7}{Method}{section*.6}% 5
\BOOKMARK [3][-]{section*.8}{Participants}{section*.7}% 6
\BOOKMARK [3][-]{section*.9}{Materials}{section*.7}% 7
\BOOKMARK [3][-]{section*.11}{Procedure}{section*.7}% 8
\BOOKMARK [3][-]{section*.13}{Data pre-processing and exclusion}{section*.7}% 9
\BOOKMARK [2][-]{section*.14}{Results}{section*.6}% 10
\BOOKMARK [1][-]{section*.16}{Model predictions}{}% 11
\BOOKMARK [1][-]{section*.18}{Comprehension experiment}{}% 12
\BOOKMARK [2][-]{section*.19}{Method}{section*.18}% 13
\BOOKMARK [3][-]{section*.20}{Participants}{section*.19}% 14
\BOOKMARK [3][-]{section*.21}{Materials}{section*.19}% 15
\BOOKMARK [3][-]{section*.22}{Procedure}{section*.19}% 16
\BOOKMARK [3][-]{section*.24}{Data pre-processing and exclusion}{section*.19}% 17
\BOOKMARK [2][-]{section*.25}{Results}{section*.18}% 18
\BOOKMARK [1][-]{section*.27}{Model predictions \(with prior\)}{}% 19
\BOOKMARK [1][-]{section*.28}{Comprehension experiment \205 prior manipulation}{}% 20
\BOOKMARK [2][-]{section*.29}{and what other models have to say about that}{section*.28}% 21
\BOOKMARK [1][-]{section*.30}{Discussion}{}% 22
\BOOKMARK [1][-]{section*.31}{Conclusion}{}% 23
\BOOKMARK [1][-]{section*.32}{Acknowledgments}{}% 24
\BOOKMARK [1][-]{section*.34}{References}{}% 25
